[2024-03-10T13:50:15.867+0000] {taskinstance.py:1979} INFO - Dependencies all met for dep_context=non-requeueable deps ti=<TaskInstance: processing.Create_merge_datasets_1 manual__2024-03-10T13:50:06.890798+00:00 [queued]>
[2024-03-10T13:50:15.880+0000] {taskinstance.py:1979} INFO - Dependencies all met for dep_context=requeueable deps ti=<TaskInstance: processing.Create_merge_datasets_1 manual__2024-03-10T13:50:06.890798+00:00 [queued]>
[2024-03-10T13:50:15.881+0000] {taskinstance.py:2193} INFO - Starting attempt 1 of 1
[2024-03-10T13:50:15.902+0000] {taskinstance.py:2214} INFO - Executing <Task(PythonOperator): Create_merge_datasets_1> on 2024-03-10 13:50:06.890798+00:00
[2024-03-10T13:50:15.913+0000] {standard_task_runner.py:60} INFO - Started process 2043 to run task
[2024-03-10T13:50:15.922+0000] {standard_task_runner.py:87} INFO - Running: ['***', 'tasks', 'run', 'processing', 'Create_merge_datasets_1', 'manual__2024-03-10T13:50:06.890798+00:00', '--job-id', '88', '--raw', '--subdir', 'DAGS_FOLDER/process_data.py', '--cfg-path', '/tmp/tmp8s6p99qs']
[2024-03-10T13:50:15.926+0000] {standard_task_runner.py:88} INFO - Job 88: Subtask Create_merge_datasets_1
[2024-03-10T13:50:15.954+0000] {logging_mixin.py:188} WARNING - /home/***/.local/lib/python3.11/site-packages/***/settings.py:194 DeprecationWarning: The sql_alchemy_conn option in [core] has been moved to the sql_alchemy_conn option in [database] - the old setting has been used, but please update your config.
[2024-03-10T13:50:16.025+0000] {task_command.py:423} INFO - Running <TaskInstance: processing.Create_merge_datasets_1 manual__2024-03-10T13:50:06.890798+00:00 [running]> on host 81bb4583c109
[2024-03-10T13:50:16.151+0000] {taskinstance.py:2510} INFO - Exporting env vars: AIRFLOW_CTX_DAG_OWNER='***' AIRFLOW_CTX_DAG_ID='processing' AIRFLOW_CTX_TASK_ID='Create_merge_datasets_1' AIRFLOW_CTX_EXECUTION_DATE='2024-03-10T13:50:06.890798+00:00' AIRFLOW_CTX_TRY_NUMBER='1' AIRFLOW_CTX_DAG_RUN_ID='manual__2024-03-10T13:50:06.890798+00:00'
[2024-03-10T13:50:16.201+0000] {taskinstance.py:2728} ERROR - Task failed with exception
Traceback (most recent call last):
  File "/home/airflow/.local/lib/python3.11/site-packages/pandas/core/groupby/groupby.py", line 1874, in _agg_py_fallback
    res_values = self.grouper.agg_series(ser, alt, preserve_dtype=True)
                 ^^^^^^^^^^^^^^^^^^^^^^^^^^^^^^^^^^^^^^^^^^^^^^^^^^^^^^
  File "/home/airflow/.local/lib/python3.11/site-packages/pandas/core/groupby/ops.py", line 849, in agg_series
    result = self._aggregate_series_pure_python(obj, func)
             ^^^^^^^^^^^^^^^^^^^^^^^^^^^^^^^^^^^^^^^^^^^^^
  File "/home/airflow/.local/lib/python3.11/site-packages/pandas/core/groupby/ops.py", line 877, in _aggregate_series_pure_python
    res = func(group)
          ^^^^^^^^^^^
  File "/home/airflow/.local/lib/python3.11/site-packages/pandas/core/groupby/groupby.py", line 2380, in <lambda>
    alt=lambda x: Series(x).mean(numeric_only=numeric_only),
                  ^^^^^^^^^^^^^^^^^^^^^^^^^^^^^^^^^^^^^^^^^
  File "/home/airflow/.local/lib/python3.11/site-packages/pandas/core/series.py", line 6225, in mean
    return NDFrame.mean(self, axis, skipna, numeric_only, **kwargs)
           ^^^^^^^^^^^^^^^^^^^^^^^^^^^^^^^^^^^^^^^^^^^^^^^^^^^^^^^^
  File "/home/airflow/.local/lib/python3.11/site-packages/pandas/core/generic.py", line 11992, in mean
    return self._stat_function(
           ^^^^^^^^^^^^^^^^^^^^
  File "/home/airflow/.local/lib/python3.11/site-packages/pandas/core/generic.py", line 11949, in _stat_function
    return self._reduce(
           ^^^^^^^^^^^^^
  File "/home/airflow/.local/lib/python3.11/site-packages/pandas/core/series.py", line 6133, in _reduce
    return op(delegate, skipna=skipna, **kwds)
           ^^^^^^^^^^^^^^^^^^^^^^^^^^^^^^^^^^^
  File "/home/airflow/.local/lib/python3.11/site-packages/pandas/core/nanops.py", line 147, in f
    result = alt(values, axis=axis, skipna=skipna, **kwds)
             ^^^^^^^^^^^^^^^^^^^^^^^^^^^^^^^^^^^^^^^^^^^^^
  File "/home/airflow/.local/lib/python3.11/site-packages/pandas/core/nanops.py", line 404, in new_func
    result = func(values, axis=axis, skipna=skipna, mask=mask, **kwargs)
             ^^^^^^^^^^^^^^^^^^^^^^^^^^^^^^^^^^^^^^^^^^^^^^^^^^^^^^^^^^^
  File "/home/airflow/.local/lib/python3.11/site-packages/pandas/core/nanops.py", line 719, in nanmean
    the_sum = values.sum(axis, dtype=dtype_sum)
              ^^^^^^^^^^^^^^^^^^^^^^^^^^^^^^^^^
  File "/home/airflow/.local/lib/python3.11/site-packages/numpy/core/_methods.py", line 49, in _sum
    return umr_sum(a, axis, dtype, out, keepdims, initial, where)
           ^^^^^^^^^^^^^^^^^^^^^^^^^^^^^^^^^^^^^^^^^^^^^^^^^^^^^^
TypeError: unsupported operand type(s) for +: 'int' and 'str'

The above exception was the direct cause of the following exception:

Traceback (most recent call last):
  File "/home/airflow/.local/lib/python3.11/site-packages/airflow/models/taskinstance.py", line 444, in _execute_task
    result = _execute_callable(context=context, **execute_callable_kwargs)
             ^^^^^^^^^^^^^^^^^^^^^^^^^^^^^^^^^^^^^^^^^^^^^^^^^^^^^^^^^^^^^
  File "/home/airflow/.local/lib/python3.11/site-packages/airflow/models/taskinstance.py", line 414, in _execute_callable
    return execute_callable(context=context, **execute_callable_kwargs)
           ^^^^^^^^^^^^^^^^^^^^^^^^^^^^^^^^^^^^^^^^^^^^^^^^^^^^^^^^^^^^
  File "/home/airflow/.local/lib/python3.11/site-packages/airflow/operators/python.py", line 200, in execute
    return_value = self.execute_callable()
                   ^^^^^^^^^^^^^^^^^^^^^^^
  File "/home/airflow/.local/lib/python3.11/site-packages/airflow/operators/python.py", line 217, in execute_callable
    return self.python_callable(*self.op_args, **self.op_kwargs)
           ^^^^^^^^^^^^^^^^^^^^^^^^^^^^^^^^^^^^^^^^^^^^^^^^^^^^^
  File "/opt/airflow/dags/process_data.py", line 48, in get_avg_csv
    df = df.groupby(df.DATE.dt.month).mean()
         ^^^^^^^^^^^^^^^^^^^^^^^^^^^^^^^^^^^
  File "/home/airflow/.local/lib/python3.11/site-packages/pandas/core/groupby/groupby.py", line 2378, in mean
    result = self._cython_agg_general(
             ^^^^^^^^^^^^^^^^^^^^^^^^^
  File "/home/airflow/.local/lib/python3.11/site-packages/pandas/core/groupby/groupby.py", line 1929, in _cython_agg_general
    new_mgr = data.grouped_reduce(array_func)
              ^^^^^^^^^^^^^^^^^^^^^^^^^^^^^^^
  File "/home/airflow/.local/lib/python3.11/site-packages/pandas/core/internals/managers.py", line 1428, in grouped_reduce
    applied = sb.apply(func)
              ^^^^^^^^^^^^^^
  File "/home/airflow/.local/lib/python3.11/site-packages/pandas/core/internals/blocks.py", line 366, in apply
    result = func(self.values, **kwargs)
             ^^^^^^^^^^^^^^^^^^^^^^^^^^^
  File "/home/airflow/.local/lib/python3.11/site-packages/pandas/core/groupby/groupby.py", line 1926, in array_func
    result = self._agg_py_fallback(how, values, ndim=data.ndim, alt=alt)
             ^^^^^^^^^^^^^^^^^^^^^^^^^^^^^^^^^^^^^^^^^^^^^^^^^^^^^^^^^^^
  File "/home/airflow/.local/lib/python3.11/site-packages/pandas/core/groupby/groupby.py", line 1878, in _agg_py_fallback
    raise type(err)(msg) from err
TypeError: agg function failed [how->mean,dtype->object]
[2024-03-10T13:50:16.253+0000] {taskinstance.py:1149} INFO - Marking task as FAILED. dag_id=processing, task_id=Create_merge_datasets_1, execution_date=20240310T135006, start_date=20240310T135015, end_date=20240310T135016
[2024-03-10T13:50:16.267+0000] {standard_task_runner.py:107} ERROR - Failed to execute job 88 for task Create_merge_datasets_1 (agg function failed [how->mean,dtype->object]; 2043)
[2024-03-10T13:50:16.298+0000] {local_task_job_runner.py:234} INFO - Task exited with return code 1
[2024-03-10T13:50:16.318+0000] {taskinstance.py:3309} INFO - 0 downstream tasks scheduled from follow-on schedule check
